C51 COMPILER V9.50a   P1                                                                   05/06/2022 21:35:04 PAGE 1   


C51 COMPILER V9.50a, COMPILATION OF MODULE P1
OBJECT MODULE PLACED IN p1.OBJ
COMPILER INVOKED BY: C:\Keil\C51\BIN\C51.EXE p1.c BROWSE DEBUG OBJECTEXTEND TABS(2)

line level    source

   1          #include<reg51.h>
   2          
   3          void delay_ms (unsigned int);
   4          
   5          sbit LED = P2.0;
*** ERROR C141 IN LINE 5 OF p1.c: syntax error near '.0', expected ';'
   6          
   7          main()
   8          {
   9   1        
  10   1      while(1)
  11   1      {
  12   2      LED = 1;  
  13   2      delay_ms(1000);
  14   2      LED = 0;
  15   2        delay_ms(1000);
  16   2      }
  17   1      }
  18          
  19          
  20          
  21          void delay_ms (unsigned int ms)
  22          {
  23   1      unsigned char i;
  24   1        for( ;ms>0;ms--)
  25   1      {
  26   2        for(i=250;i>0;i--);
  27   2        for(i=247;i>0;i--);
  28   2       
  29   2      }
  30   1      }

C51 COMPILATION COMPLETE.  0 WARNING(S),  1 ERROR(S)
