C51 COMPILER V9.50a   P2                                                                   05/10/2022 21:28:39 PAGE 1   


C51 COMPILER V9.50a, COMPILATION OF MODULE P2
OBJECT MODULE PLACED IN p2.OBJ
COMPILER INVOKED BY: C:\Keil\C51\BIN\C51.EXE p2.c BROWSE DEBUG OBJECTEXTEND TABS(2)

line level    source

   1          #include"delay.h"
   2          
   3          sbit sw = P1^0;
   4          
   5          
   6          
   7          main()
   8          {
   9   1        unsigned char count=0;
  10   1        while(1)
  11   1        {
  12   2          if(sw==0)
  13   2          {
  14   3            while(sw==0);
  15   3            if(sw==1)
  16   3            {
  17   4              count++;
  18   4            }
  19   3            if(count == 15)
  20   3              count = -1;
  21   3            P2=0xf;
  22   3            P2 &= ~count; 
  23   3          }
  24   2        }
  25   1      }


MODULE INFORMATION:   STATIC OVERLAYABLE
   CODE SIZE        =     51    ----
   CONSTANT SIZE    =   ----    ----
   XDATA SIZE       =   ----    ----
   PDATA SIZE       =   ----    ----
   DATA SIZE        =   ----    ----
   IDATA SIZE       =   ----    ----
   BIT SIZE         =   ----    ----
END OF MODULE INFORMATION.


C51 COMPILATION COMPLETE.  0 WARNING(S),  0 ERROR(S)
